Build started 11/14/2019 1:54:55 AM.
     1>Project "D:\University\Semester 3\COAL\SnakeProj\SnakeProj\SnakeProj.vcxproj" on node 2 (build target(s)).
     1>InitializeBuildStatus:
         Touching "Debug\SnakeProj.unsuccessfulbuild".
       _MASM:
         Assembling [Inputs]...
         cmd.exe /C "C:\Users\uzair\AppData\Local\Temp\tmp75b73e416bde47bd8cb2ae654d1e580d.cmd"
         ml.exe /c /nologo /Zi /Fo"Debug\game.obj" /I "C:\Irvine" /W3 /errorReport:prompt  /Tagame.asm
     1>game.asm(1): error A2044: invalid character in file
     1>game.asm(2): error A2013: .MODEL must precede this directive
     1>game.asm(4): error A2034: must be in segment block
     1>game.asm(5): error A2034: must be in segment block
     1>game.asm(6): error A2034: must be in segment block
     1>game.asm(8): error A2034: must be in segment block
     1>game.asm(9): error A2034: must be in segment block
     1>game.asm(10): error A2034: must be in segment block
     1>game.asm(11): error A2034: must be in segment block
     1>game.asm(12): error A2034: must be in segment block
     1>game.asm(13): error A2034: must be in segment block
     1>game.asm(14): error A2034: must be in segment block
     1>game.asm(15): error A2034: must be in segment block
     1>game.asm(16): error A2034: must be in segment block
     1>game.asm(17): error A2034: must be in segment block
     1>game.asm(18): error A2034: must be in segment block
     1>game.asm(19): error A2034: must be in segment block
     1>game.asm(20): error A2034: must be in segment block
     1>game.asm(21): error A2034: must be in segment block
     1>game.asm(22): error A2034: must be in segment block
     1>game.asm(23): error A2034: must be in segment block
     1>game.asm(24): error A2034: must be in segment block
     1>game.asm(25): error A2034: must be in segment block
     1>game.asm(27): error A2013: .MODEL must precede this directive
     1>game.asm(29): error A2034: must be in segment block : instructions
     1>game.asm(31): error A2034: must be in segment block
     1>game.asm(32): error A2034: must be in segment block
     1>game.asm(34): error A2034: must be in segment block
     1>game.asm(35): error A2034: must be in segment block
     1>game.asm(36): error A2034: must be in segment block
     1>game.asm(38): error A2034: must be in segment block
     1>game.asm(39): error A2034: must be in segment block
     1>game.asm(41): error A2034: must be in segment block
     1>game.asm(42): error A2034: must be in segment block
     1>game.asm(43): error A2034: must be in segment block
     1>game.asm(45): error A2034: must be in segment block
     1>game.asm(46): error A2034: must be in segment block
     1>game.asm(48): error A2034: must be in segment block
     1>game.asm(49): error A2034: must be in segment block
     1>game.asm(50): error A2034: must be in segment block
     1>game.asm(52): error A2034: must be in segment block
     1>game.asm(53): error A2034: must be in segment block
     1>game.asm(55): error A2034: must be in segment block
     1>game.asm(56): error A2034: must be in segment block
     1>game.asm(57): error A2034: must be in segment block
     1>game.asm(59): error A2034: must be in segment block
     1>game.asm(60): error A2034: must be in segment block
     1>game.asm(62): error A2034: must be in segment block
     1>game.asm(64): fatal error A1010: unmatched block nesting : instructions
     1>C:\Program Files (x86)\MSBuild\Microsoft.Cpp\v4.0\BuildCustomizations\masm.targets(49,5): error MSB3721: The command "ml.exe /c /nologo /Zi /Fo"Debug\game.obj" /I "C:\Irvine" /W3 /errorReport:prompt  /Tagame.asm" exited with code 1.
     1>Done Building Project "D:\University\Semester 3\COAL\SnakeProj\SnakeProj\SnakeProj.vcxproj" (build target(s)) -- FAILED.

Build FAILED.

Time Elapsed 00:00:00.40
